<?xml version="1.0" encoding="UTF-8"?>
<testsuite xmlns:xsi="http://www.w3.org/2001/XMLSchema-instance" xsi:noNamespaceSchemaLocation="https://maven.apache.org/surefire/maven-surefire-plugin/xsd/surefire-test-report-3.0.xsd" version="3.0" name="TestSuite" time="602.613" tests="15" errors="0" skipped="0" failures="0">
  <properties>
[...]
</properties>
  <testcase name="testTourToUkraineLink" classname="com.romanceabroad.ui.TourToUkraineTest" time="2.999"/>
  <testcase name="negativeTestCases" classname="com.romanceabroad.ui.SignInTest" time="7.116"/>
  <testcase name="negativeTestCases" classname="com.romanceabroad.ui.SignInTest" time="8.4"/>
  <testcase name="negativeTestCases" classname="com.romanceabroad.ui.SignInTest" time="6.635"/>
  <testcase name="testSignInTest" classname="com.romanceabroad.ui.SignInTest" time="0.222"/>
  <testcase name="testArticlesAndTitles" classname="com.romanceabroad.ui.HowWeWorkTest" time="2.248"/>
  <testcase name="testHowWeWorkLink" classname="com.romanceabroad.ui.HowWeWorkTest" time="2.206"/>
  <testcase name="testUserTabs" classname="com.romanceabroad.ui.PhotosTests" time="26.878"/>
  <testcase name="searchAllOptionFromDropDownList" classname="com.romanceabroad.ui.SearchTest" time="20.554"/>
  <testcase name="searchForAllUsers" classname="com.romanceabroad.ui.SearchTest" time="10.276"/>
  <testcase name="testALlFooterLinks" classname="com.romanceabroad.ui.SearchTest" time="41.974"/>
  <testcase name="verifyMarinaUserProfile" classname="com.romanceabroad.ui.SearchTest" time="13.103"/>
  <testcase name="searchDifferentResults12" classname="com.romanceabroad.ui.SearchTest" time="6.168"/>
  <testcase name="selectRandomDropDownListTestOnSearchPageCase11" classname="com.romanceabroad.ui.SearchTest" time="254.532"/>
  <testcase name="testSearchPageTestCase10" classname="com.romanceabroad.ui.SearchTest" time="3.616"/>
</testsuite>