<?xml version="1.0" encoding="UTF-8"?>
<!-- Generated by org.testng.reporters.JUnitXMLReporter -->
<testsuite ignored="0" hostname="DESKTOP-OIDSKCV" failures="1" tests="27" name="ChromeTestCases" time="871.162" errors="0" timestamp="31 Aug 2020 02:45:53 GMT">
  <testcase classname="com.romanceabroad.ui.RegistrationTests" name="testRegistration" time="10.06"/>
  <testcase classname="com.romanceabroad.ui.RegistrationTests" name="testRegistration" time="7.042"/>
  <testcase classname="com.romanceabroad.ui.RegistrationTests" name="testRegistration" time="5.967"/>
  <testcase classname="com.romanceabroad.ui.RegistrationTests" name="testRegistration" time="6.258"/>
  <testcase classname="com.romanceabroad.ui.RegistrationTests" name="testRegistration2" time="7.814"/>
  <testcase classname="com.romanceabroad.ui.RegistrationTests" name="testRegistration2" time="2.616"/>
  <testcase classname="com.romanceabroad.ui.RegistrationTests" name="testRegistration2" time="8.914"/>
  <testcase classname="com.romanceabroad.ui.GiftsTest" name="testGiftsLink" time="2.362"/>
  <testcase classname="com.romanceabroad.ui.BlogTest" name="testBlogLink" time="2.106"/>
  <testcase classname="com.romanceabroad.ui.HomeTest" name="MainPageTest" time="0.113">
    <failure type="java.lang.AssertionError" message="Video is not displayed">
      <![CDATA[java.lang.AssertionError: Video is not displayed
at com.romanceabroad.ui.HomeTest.MainPageTest(HomeTest.java:21)
... Removed 30 stack frames]]>
    </failure>
  </testcase> <!-- MainPageTest -->
  <testcase classname="com.romanceabroad.ui.HomeTest" name="smokeTestMainPage" time="29.537"/>
  <testcase classname="com.romanceabroad.ui.HomeTest" name="testLinksOnMainPage" time="54.865"/>
  <testcase classname="com.romanceabroad.ui.HowWeWorkTest" name="testArticlesAndTitles" time="2.553"/>
  <testcase classname="com.romanceabroad.ui.HowWeWorkTest" name="testHowWeWorkLink" time="2.044"/>
  <testcase classname="com.romanceabroad.ui.PhotosTests" name="testUserTabs" time="27.322"/>
  <testcase classname="com.romanceabroad.ui.SearchTest" name="searchAllOptionFromDropDownList" time="20.936"/>
  <testcase classname="com.romanceabroad.ui.SearchTest" name="searchForAllUsers" time="10.504"/>
  <testcase classname="com.romanceabroad.ui.SearchTest" name="testALlFooterLinks" time="44.975"/>
  <testcase classname="com.romanceabroad.ui.SearchTest" name="verifyMarinaUserProfile" time="12.383"/>
  <testcase classname="com.romanceabroad.ui.SignInTest" name="negativeTestCases" time="6.843"/>
  <testcase classname="com.romanceabroad.ui.SignInTest" name="negativeTestCases" time="7.471"/>
  <testcase classname="com.romanceabroad.ui.SignInTest" name="negativeTestCases" time="8.606"/>
  <testcase classname="com.romanceabroad.ui.SignInTest" name="testSignInTest" time="0.286"/>
  <testcase classname="com.romanceabroad.ui.TourToUkraineTest" name="testTourToUkraineLink" time="2.108"/>
  <testcase classname="com.romanceabroad.ui.SearchTest" name="selectRandomDropDownListTestOnSearchPageCase11" time="251.06"/>
  <testcase classname="com.romanceabroad.ui.SearchTest" name="searchDifferentResults12" time="7.244"/>
  <testcase classname="com.romanceabroad.ui.SearchTest" name="testSearchPageTestCase10" time="2.448"/>
</testsuite> <!-- ChromeTestCases -->
