<?xml version="1.0" encoding="UTF-8"?>
<testsuite xmlns:xsi="http://www.w3.org/2001/XMLSchema-instance" xsi:noNamespaceSchemaLocation="https://maven.apache.org/surefire/maven-surefire-plugin/xsd/surefire-test-report-3.0.xsd" version="3.0" name="TestSuite" time="873.456" tests="27" errors="0" skipped="0" failures="1">
  <properties>
[...]
</properties>
  <testcase name="testRegistration" classname="com.romanceabroad.ui.RegistrationTests" time="10.06"/>
  <testcase name="testRegistration" classname="com.romanceabroad.ui.RegistrationTests" time="7.052"/>
  <testcase name="testRegistration" classname="com.romanceabroad.ui.RegistrationTests" time="5.967"/>
  <testcase name="testRegistration" classname="com.romanceabroad.ui.RegistrationTests" time="6.258"/>
  <testcase name="testRegistration2" classname="com.romanceabroad.ui.RegistrationTests" time="7.862"/>
  <testcase name="testRegistration2" classname="com.romanceabroad.ui.RegistrationTests" time="2.643"/>
  <testcase name="testRegistration2" classname="com.romanceabroad.ui.RegistrationTests" time="8.982"/>
  <testcase name="testGiftsLink" classname="com.romanceabroad.ui.GiftsTest" time="2.361"/>
  <testcase name="testBlogLink" classname="com.romanceabroad.ui.BlogTest" time="2.106"/>
  <testcase name="MainPageTest" classname="com.romanceabroad.ui.HomeTest" time="0.121">
    <failure message="Video is not displayed" type="java.lang.AssertionError">java.lang.AssertionError: Video is not displayed
	at com.romanceabroad.ui.HomeTest.MainPageTest(HomeTest.java:21)
</failure>
    <system-err><![CDATA[Starting ChromeDriver 84.0.4147.30 (48b3e868b4cc0aa7e8149519690b6f6949e110a8-refs/branch-heads/4147@{#310}) on port 43260
Only local connections are allowed.
Please see https://chromedriver.chromium.org/security-considerations for suggestions on keeping ChromeDriver safe.
ChromeDriver was started successfully.
Aug 30, 2020 9:34:01 PM org.openqa.selenium.remote.ProtocolHandshake createSession
INFO: Detected dialect: W3C
Video recording
[C:\Users\sbala\Project\romance\romanceabroad4\video\Registration Test_recording_2020_30_08_21_33_17.avi]
]]></system-err>
  </testcase>
  <testcase name="smokeTestMainPage" classname="com.romanceabroad.ui.HomeTest" time="29.54"/>
  <testcase name="testLinksOnMainPage" classname="com.romanceabroad.ui.HomeTest" time="54.865"/>
  <testcase name="testArticlesAndTitles" classname="com.romanceabroad.ui.HowWeWorkTest" time="2.552"/>
  <testcase name="testHowWeWorkLink" classname="com.romanceabroad.ui.HowWeWorkTest" time="2.044"/>
  <testcase name="testUserTabs" classname="com.romanceabroad.ui.PhotosTests" time="27.322"/>
  <testcase name="searchAllOptionFromDropDownList" classname="com.romanceabroad.ui.SearchTest" time="20.937"/>
  <testcase name="searchForAllUsers" classname="com.romanceabroad.ui.SearchTest" time="10.505"/>
  <testcase name="testALlFooterLinks" classname="com.romanceabroad.ui.SearchTest" time="44.975"/>
  <testcase name="verifyMarinaUserProfile" classname="com.romanceabroad.ui.SearchTest" time="12.384"/>
  <testcase name="negativeTestCases" classname="com.romanceabroad.ui.SignInTest" time="6.842"/>
  <testcase name="negativeTestCases" classname="com.romanceabroad.ui.SignInTest" time="7.471"/>
  <testcase name="negativeTestCases" classname="com.romanceabroad.ui.SignInTest" time="8.605"/>
  <testcase name="testSignInTest" classname="com.romanceabroad.ui.SignInTest" time="0.286"/>
  <testcase name="testTourToUkraineLink" classname="com.romanceabroad.ui.TourToUkraineTest" time="2.109"/>
  <testcase name="selectRandomDropDownListTestOnSearchPageCase11" classname="com.romanceabroad.ui.SearchTest" time="251.061"/>
  <testcase name="searchDifferentResults12" classname="com.romanceabroad.ui.SearchTest" time="7.244"/>
  <testcase name="testSearchPageTestCase10" classname="com.romanceabroad.ui.SearchTest" time="2.448"/>
</testsuite>