-------------------------------------------------------------------------------
Test set: TestSuite
-------------------------------------------------------------------------------
Tests run: 27, Failures: 1, Errors: 0, Skipped: 0, Time elapsed: 873.456 s <<< FAILURE! - in TestSuite
MainPageTest(com.romanceabroad.ui.HomeTest)  Time elapsed: 0.121 s  <<< FAILURE!
java.lang.AssertionError: Video is not displayed
	at com.romanceabroad.ui.HomeTest.MainPageTest(HomeTest.java:21)

