<?xml version="1.0" encoding="UTF-8"?>
<testsuite xmlns:xsi="http://www.w3.org/2001/XMLSchema-instance" xsi:noNamespaceSchemaLocation="https://maven.apache.org/surefire/maven-surefire-plugin/xsd/surefire-test-report-3.0.xsd" version="3.0" name="TestSuite" time="323.486" tests="5" errors="0" skipped="0" failures="2">
  <properties>
[...]
</properties>
  <testcase name="testRegistration2" classname="com.romanceabroad.ui.RegistrationTests" time="20.636"/>
  <testcase name="testRegistration2" classname="com.romanceabroad.ui.RegistrationTests" time="29.013">
    <failure message="Expected condition failed: waiting for element to be clickable: [[RemoteWebDriver: MicrosoftEdge on ANY (de9424040df04e30971df4c3793b24ef)] -&gt; xpath: //li[@data-handler=&apos;selectDay&apos;]] (tried for 20 second(s) with 500 milliseconds interval)&#10;Build info: version: &apos;3.141.59&apos;, revision: &apos;e82be7d358&apos;, time: &apos;2018-11-14T08:17:03&apos;&#10;System info: host: &apos;DESKTOP-OIDSKCV&apos;, ip: &apos;192.168.1.88&apos;, os.name: &apos;Windows 10&apos;, os.arch: &apos;amd64&apos;, os.version: &apos;10.0&apos;, java.version: &apos;13.0.2&apos;&#10;Driver info: org.openqa.selenium.remote.RemoteWebDriver&#10;Capabilities {InPrivate: false, acceptSslCerts: true, applicationCacheEnabled: true, browserName: MicrosoftEdge, browserVersion: 41.16299.15.0, cssSelectorsEnabled: true, hasMetadata: true, javascriptEnabled: true, locationContextEnabled: true, pageLoadStrategy: normal, platform: ANY, platformName: ANY, platformVersion: 10, takesElementScreenshot: true, takesScreenshot: true, webStorageEnabled: true, webdriver.remote.sessionid: de9424040df04e30971df4c3793...}&#10;Session ID: de9424040df04e30971df4c3793b24ef" type="org.openqa.selenium.TimeoutException">org.openqa.selenium.TimeoutException: 
Expected condition failed: waiting for element to be clickable: [[RemoteWebDriver: MicrosoftEdge on ANY (de9424040df04e30971df4c3793b24ef)] -> xpath: //li[@data-handler='selectDay']] (tried for 20 second(s) with 500 milliseconds interval)
Build info: version: '3.141.59', revision: 'e82be7d358', time: '2018-11-14T08:17:03'
System info: host: 'DESKTOP-OIDSKCV', ip: '192.168.1.88', os.name: 'Windows 10', os.arch: 'amd64', os.version: '10.0', java.version: '13.0.2'
Driver info: org.openqa.selenium.remote.RemoteWebDriver
Capabilities {InPrivate: false, acceptSslCerts: true, applicationCacheEnabled: true, browserName: MicrosoftEdge, browserVersion: 41.16299.15.0, cssSelectorsEnabled: true, hasMetadata: true, javascriptEnabled: true, locationContextEnabled: true, pageLoadStrategy: normal, platform: ANY, platformName: ANY, platformVersion: 10, takesElementScreenshot: true, takesScreenshot: true, webStorageEnabled: true, webdriver.remote.sessionid: de9424040df04e30971df4c3793...}
Session ID: de9424040df04e30971df4c3793b24ef
	at com.romanceabroad.ui.RegistrationTests.testRegistration2(RegistrationTests.java:28)
</failure>
    <system-out><![CDATA[Value of list: 
Create new element of list
Create new String with text from element of list
Value of list: 
Create new element of list
Create new String with text from element of list
Value of list: 
Create new element of list
Create new String with text from element of list
Value of list: 
Create new element of list
Create new String with text from element of list
Value of list: 
Create new element of list
Create new String with text from element of list
Value of list: 
Create new element of list
Create new String with text from element of list
Value of list: 
Create new element of list
Create new String with text from element of list
Value of list: 
Create new element of list
Create new String with text from element of list
Value of list: 
Create new element of list
Create new String with text from element of list
Value of list: 
Create new element of list
Create new String with text from element of list
Value of list: 
Create new element of list
Create new String with text from element of list
Value of list: 
Create new element of list
Create new String with text from element of list
Value of list: 
Create new element of list
Create new String with text from element of list
Value of list: 
Create new element of list
Create new String with text from element of list
Value of list: 
Create new element of list
Create new String with text from element of list
Value of list: 
Create new element of list
Create new String with text from element of list
Value of list: 
Create new element of list
Create new String with text from element of list
Value of list: 
Create new element of list
Create new String with text from element of list
Value of list: 
Create new element of list
Create new String with text from element of list
Value of list: 
Create new element of list
Create new String with text from element of list
Value of list: 
Create new element of list
Create new String with text from element of list
Value of list: 
Create new element of list
Create new String with text from element of list
Value of list: 
Create new element of list
Create new String with text from element of list
Value of list: 
Create new element of list
Create new String with text from element of list
Value of list: 
Create new element of list
Create new String with text from element of list
Value of list: 
Create new element of list
Create new String with text from element of list
Value of list: 
Create new element of list
Create new String with text from element of list
Value of list: 
Create new element of list
Create new String with text from element of list
Value of list: 
Create new element of list
Create new String with text from element of list
Value of list: 
Create new element of list
Create new String with text from element of list
Value of list: 
Create new element of list
Create new String with text from element of list
Value of list: 
Create new element of list
Create new String with text from element of list
Value of list: 
Create new element of list
Create new String with text from element of list
Value of list: 
Type phone in text field: 888-999-1111
]]></system-out>
    <system-err><![CDATA[Video recording
[C:\Users\sbala\Project\romance\romanceabroad4\video\Registration Test_recording_2020_07_09_21_00_21.avi]
]]></system-err>
  </testcase>
  <testcase name="testRegistration2" classname="com.romanceabroad.ui.RegistrationTests" time="35.029"/>
  <testcase name="testRegistration2" classname="com.romanceabroad.ui.RegistrationTests" time="155.129"/>
  <testcase name="testRegistration2" classname="com.romanceabroad.ui.RegistrationTests" time="160.762">
    <failure message="Automation Server Error -- Selenium didn&apos;t complete your last command on time.&#10;For help, please check https://wiki.saucelabs.com/display/DOCS/Common+Error+Messages (WARNING: The server did not provide any stacktrace information)&#10;Command duration or timeout: 0 milliseconds&#10;Build info: version: &apos;3.141.59&apos;, revision: &apos;e82be7d358&apos;, time: &apos;2018-11-14T08:17:03&apos;&#10;System info: host: &apos;DESKTOP-OIDSKCV&apos;, ip: &apos;192.168.1.88&apos;, os.name: &apos;Windows 10&apos;, os.arch: &apos;amd64&apos;, os.version: &apos;10.0&apos;, java.version: &apos;13.0.2&apos;&#10;Driver info: org.openqa.selenium.remote.RemoteWebDriver&#10;Capabilities {acceptInsecureCerts: false, browserName: Safari, browserVersion: 12.1.1, hasMetadata: true, javascriptEnabled: true, platform: MAC, platformName: MAC, safari:automaticInspection: false, safari:automaticProfiling: false, safari:diagnose: false, setWindowRect: true, strictFileInteractability: false, webdriver.remote.sessionid: 047664d0e94b48cb83eb4c8241d..., webkit:WebRTC: {DisableICECandidateFiltering: false, DisableInsecureMediaCapture: false}}&#10;Session ID: 047664d0e94b48cb83eb4c8241ddfc8d" type="org.openqa.selenium.TimeoutException">org.openqa.selenium.TimeoutException: 
Automation Server Error -- Selenium didn't complete your last command on time.
For help, please check https://wiki.saucelabs.com/display/DOCS/Common+Error+Messages (WARNING: The server did not provide any stacktrace information)
Command duration or timeout: 0 milliseconds
Build info: version: '3.141.59', revision: 'e82be7d358', time: '2018-11-14T08:17:03'
System info: host: 'DESKTOP-OIDSKCV', ip: '192.168.1.88', os.name: 'Windows 10', os.arch: 'amd64', os.version: '10.0', java.version: '13.0.2'
Driver info: org.openqa.selenium.remote.RemoteWebDriver
Capabilities {acceptInsecureCerts: false, browserName: Safari, browserVersion: 12.1.1, hasMetadata: true, javascriptEnabled: true, platform: MAC, platformName: MAC, safari:automaticInspection: false, safari:automaticProfiling: false, safari:diagnose: false, setWindowRect: true, strictFileInteractability: false, webdriver.remote.sessionid: 047664d0e94b48cb83eb4c8241d..., webkit:WebRTC: {DisableICECandidateFiltering: false, DisableInsecureMediaCapture: false}}
Session ID: 047664d0e94b48cb83eb4c8241ddfc8d
	at com.romanceabroad.ui.RegistrationTests.testRegistration2(RegistrationTests.java:28)
</failure>
    <system-err><![CDATA[Video recording
[C:\Users\sbala\Project\romance\romanceabroad4\video\Registration Test_recording_2020_07_09_21_02_34.avi]
]]></system-err>
  </testcase>
</testsuite>