<?xml version="1.0" encoding="UTF-8"?>
<!-- Generated by org.testng.reporters.JUnitXMLReporter -->
<testsuite ignored="0" hostname="DESKTOP-OIDSKCV" failures="0" tests="7" name="ChromeTestCases" time="133.241" errors="0" timestamp="14 Aug 2020 21:11:58 GMT">
  <testcase classname="com.romanceabroad.ui.RegistrationTests" name="testRegistration" time="6.857"/>
  <testcase classname="com.romanceabroad.ui.RegistrationTests" name="testRegistration" time="6.812"/>
  <testcase classname="com.romanceabroad.ui.RegistrationTests" name="testRegistration" time="7.745"/>
  <testcase classname="com.romanceabroad.ui.RegistrationTests" name="testRegistration" time="7.729"/>
  <testcase classname="com.romanceabroad.ui.RegistrationTests" name="testRegistration2" time="7.715"/>
  <testcase classname="com.romanceabroad.ui.RegistrationTests" name="testRegistration2" time="0.719"/>
  <testcase classname="com.romanceabroad.ui.RegistrationTests" name="testRegistration2" time="9.061"/>
</testsuite> <!-- ChromeTestCases -->
