-------------------------------------------------------------------------------
Test set: TestSuite
-------------------------------------------------------------------------------
Tests run: 27, Failures: 1, Errors: 0, Skipped: 0, Time elapsed: 773.785 s <<< FAILURE! - in TestSuite
testALlFooterLinks(com.romanceabroad.ui.SearchTest)  Time elapsed: 7.616 s  <<< FAILURE!
java.lang.AssertionError: expected [Contact administrator] but found [Single Ukrainian women online]
	at com.romanceabroad.ui.SearchTest.testALlFooterLinks(SearchTest.java:159)

